Arguments: 
  /opt/node/bin/node /opt/node/bin/yarn run ng serve

PATH: 
  /usr/local/go/bin:/home/vincent/Applications/Go/bin:/usr/local/lib/gradle-3.4/bin:/usr/lib/jvm/java-1.8.0-openjdk-amd64/bin:/usr/bin:/usr/local/cuda-8.0/bin:/home/vincent/.local/share/umake/bin:/home/vincent/.local/share/umake/bin:/home/vincent/Qt/Qt-5.9.0_static//bin:/home/vincent/bin:/home/vincent/.local/bin:/usr/local/go/bin:/usr/local/cuda-8.0/bin:/usr/local/sbin:/usr/local/bin:/usr/sbin:/usr/bin:/sbin:/bin:/usr/games:/usr/local/games:/snap/bin:/opt/node/bin

Yarn version: 
  1.5.1

Node version: 
  8.9.0

Platform: 
  linux x64

npm manifest: 
  {
    "name": "todo-new-version",
    "version": "0.0.0",
    "license": "MIT",
    "scripts": {
      "ng": "ng",
      "start": "ng serve",
      "build": "ng build --prod",
      "test": "ng test",
      "lint": "ng lint",
      "e2e": "ng e2e"
    },
    "private": true,
    "dependencies": {
      "@angular-devkit/core": "0.0.29",
      "@angular/animations": "^5.0.0",
      "@angular/cdk": "^5.2.2",
      "@angular/common": "^5.0.0",
      "@angular/compiler": "^5.2.5",
      "@angular/core": "^5.0.0",
      "@angular/forms": "^5.0.0",
      "@angular/http": "^5.0.0",
      "@angular/material": "^5.2.2",
      "@angular/platform-browser": "^5.0.0",
      "@angular/platform-browser-dynamic": "^5.2.5",
      "@angular/router": "^5.0.0",
      "@ngrx/store": "^5.2.0",
      "@ngrx/store-devtools": "^5.2.0",
      "ajv": "^6.1.1",
      "angular2-uuid": "^1.1.1",
      "core-js": "^2.4.1",
      "hammerjs": "^2.0.8",
      "rxjs": "^5.5.2",
      "zone.js": "^0.8.14"
    },
    "devDependencies": {
      "@angular/cli": "1.6.1",
      "@angular/compiler-cli": "^5.2.5",
      "@angular/language-service": "^5.0.0",
      "@types/jasmine": "~2.5.53",
      "@types/jasminewd2": "~2.0.2",
      "@types/node": "~6.0.60",
      "codelyzer": "^4.0.1",
      "jasmine-core": "~2.6.2",
      "jasmine-spec-reporter": "~4.1.0",
      "karma": "~1.7.0",
      "karma-chrome-launcher": "~2.1.1",
      "karma-cli": "~1.0.1",
      "karma-coverage-istanbul-reporter": "^1.2.1",
      "karma-jasmine": "~1.1.0",
      "karma-jasmine-html-reporter": "^0.2.2",
      "protractor": "~5.1.2",
      "ts-node": "~3.2.0",
      "tslint": "~5.7.0",
      "typescript": "^2.6.2"
    }
  }

yarn manifest: 
  No manifest

Lockfile: 
  No lockfile

Trace: 
  Error: Command failed.
  Exit signal: SIGHUP
  Command: sh
  Arguments: -c ng serve
  Directory: /home/vincent/angular/gorden/todo_new_version
  Output:
  
      at ProcessTermError.MessageError (/opt/node/lib/node_modules/yarn/lib/cli.js:186:110)
      at new ProcessTermError (/opt/node/lib/node_modules/yarn/lib/cli.js:226:113)
      at ChildProcess.<anonymous> (/opt/node/lib/node_modules/yarn/lib/cli.js:30281:17)
      at emitTwo (events.js:126:13)
      at ChildProcess.emit (events.js:214:7)
      at maybeClose (internal/child_process.js:925:16)
      at Process.ChildProcess._handle.onexit (internal/child_process.js:209:5)
